This is pdfTeX, Version 3.1415926-2.3-1.40.12 (MiKTeX 2.9) (preloaded format=pdflatex 2018.10.26)  1 NOV 2018 20:44
entering extended mode
**lengths.tex
(C:\texmf\tex\latex\mathbook\lengths.tex
LaTeX2e <2011/06/27>
Babel <v3.8m> and hyphenation patterns for english, afrikaans, ancientgreek, ar
abic, armenian, assamese, basque, bengali, bokmal, bulgarian, catalan, coptic, 
croatian, czech, danish, dutch, esperanto, estonian, farsi, finnish, french, ga
lician, german, german-x-2009-06-19, greek, gujarati, hindi, hungarian, iceland
ic, indonesian, interlingua, irish, italian, kannada, kurmanji, lao, latin, lat
vian, lithuanian, malayalam, marathi, mongolian, mongolianlmc, monogreek, ngerm
an, ngerman-x-2009-06-19, nynorsk, oriya, panjabi, pinyin, polish, portuguese, 
romanian, russian, sanskrit, serbian, slovak, slovenian, spanish, swedish, swis
sgerman, tamil, telugu, turkish, turkmen, ukenglish, ukrainian, uppersorbian, u
senglishmax, welsh, loaded.
\spacebottom=\skip41
! Undefined control sequence.
<argument> \cellspacetoplimit 
                              
l.8 \setlength{\cellspacetoplimit}{3pt}
                                       
The control sequence at the end of the top line
of your error message was never \def'ed. If you have
misspelled it (e.g., `\hobx'), type `I' and the correct
spelling (e.g., `I\hbox'). Otherwise just continue,
and I'll forget about whatever was undefined.


! LaTeX Error: Missing \begin{document}.

See the LaTeX manual or LaTeX Companion for explanation.
Type  H <return>  for immediate help.
 ...                                              
                                                  
l.8 \setlength{\cellspacetoplimit}{3pt}
                                       
You're in trouble here.  Try typing  <return>  to proceed.
If that doesn't work, type  X <return>  to quit.

Missing character: There is no 3 in font nullfont!
Missing character: There is no p in font nullfont!
Missing character: There is no t in font nullfont!
! Undefined control sequence.
<argument> \cellspacebottomlimit 
                                 
l.9 \setlength{\cellspacebottomlimit}{3pt}
                                          
The control sequence at the end of the top line
of your error message was never \def'ed. If you have
misspelled it (e.g., `\hobx'), type `I' and the correct
spelling (e.g., `I\hbox'). Otherwise just continue,
and I'll forget about whatever was undefined.

Missing character: There is no 3 in font nullfont!
Missing character: There is no p in font nullfont!
Missing character: There is no t in font nullfont!

Overfull \hbox (20.0pt too wide) in paragraph at lines 8--10
[]
 []

\decalnumsec=\skip42
\decalnumsubsec=\skip43
\decalnumsubsubsec=\skip44
\spacetitlesec=\skip45
\spacetitlesubsec=\skip46
\spacetitlesubsubsec=\skip47
\decalxtitlesubsec=\skip48
\decalxtitlesubsubsec=\skip49
\spacebeforerem=\skip50
\spacebeforemeth=\skip51
\spacebeforedef=\skip52
\spacebeforeprop=\skip53
\spacebeforethm=\skip54
\spacebeforeex=\skip55
\spacebeforedem=\skip56
\spacebeforeact=\skip57
\spacebeforeexo=\skip58
\spacebeforenew=\skip59
\spacebottomrem=\skip60
\spacebottommeth=\skip61
\spacebottomnew=\skip62
\marginleft=\skip63
\margintoptitle=\skip64
\marginlefttitle=\skip65
\margintopauthor=\skip66
\marginbottompic=\skip67
\marginrightpic=\skip68
\marginrightdate=\skip69
\marginbottomdate=\skip70
\controltoctitle=\skip71
)
! Emergency stop.
<*> lengths.tex
               
*** (job aborted, no legal \end found)

 
Here is how much of TeX's memory you used:
 40 strings out of 494045
 659 string characters out of 3155637
 48890 words of memory out of 3000000
 3432 multiletter control sequences out of 15000+200000
 3640 words of font info for 14 fonts, out of 3000000 for 9000
 715 hyphenation exceptions out of 8191
 7i,0n,10p,92b,14s stack positions out of 5000i,500n,10000p,200000b,50000s
!  ==> Fatal error occurred, no output PDF file produced!
